android-tutorial-2/app/build/outputs/logs/manifest-merger-debug-report.txt
-- Merging decision tree log ---
manifest
ADDED from src/main/AndroidManifest.xml:2:1-17:12
INJECTED from src/main/AndroidManifest.xml:2:1-17:12
INJECTED from src/main/AndroidManifest.xml:2:1-17:12
INJECTED from src/main/AndroidManifest.xml:2:1-17:12
INJECTED from src/main/AndroidManifest.xml:2:1-17:12
INJECTED from src/main/AndroidManifest.xml:2:1-17:12
INJECTED from src/main/AndroidManifest.xml:2:1-17:12
	package
		ADDED from src/main/AndroidManifest.xml:3:7-63
		INJECTED from src/main/AndroidManifest.xml
		INJECTED from src/main/AndroidManifest.xml
	android:versionName
		ADDED from src/main/AndroidManifest.xml:5:7-32
		INJECTED from src/main/AndroidManifest.xml
		INJECTED from src/main/AndroidManifest.xml
	xmlns:android
		ADDED from src/main/AndroidManifest.xml:2:11-69
	android:versionCode
		ADDED from src/main/AndroidManifest.xml:4:7-30
		INJECTED from src/main/AndroidManifest.xml
		INJECTED from src/main/AndroidManifest.xml
uses-sdk
ADDED from src/main/AndroidManifest.xml:6:5-72
INJECTED from src/main/AndroidManifest.xml:6:5-72
INJECTED from src/main/AndroidManifest.xml:6:5-72
INJECTED from src/main/AndroidManifest.xml:6:5-72
INJECTED from src/main/AndroidManifest.xml:6:5-72
	android:targetSdkVersion
		ADDED from src/main/AndroidManifest.xml:6:41-70
		INJECTED from src/main/AndroidManifest.xml
		INJECTED from src/main/AndroidManifest.xml
	android:minSdkVersion
		ADDED from src/main/AndroidManifest.xml:6:15-40
		INJECTED from src/main/AndroidManifest.xml
		INJECTED from src/main/AndroidManifest.xml
application
ADDED from src/main/AndroidManifest.xml:7:5-16:19
	android:label
		ADDED from src/main/AndroidManifest.xml:7:18-50
	android:icon
		ADDED from src/main/AndroidManifest.xml:8:18-59
activity#org.freedesktop.gstreamer.tutorials.tutorial_2.Tutorial2
ADDED from src/main/AndroidManifest.xml:9:9-15:20
	android:label
		ADDED from src/main/AndroidManifest.xml:10:19-51
	android:name
		ADDED from src/main/AndroidManifest.xml:9:19-44
intent-filter#android.intent.action.MAIN+android.intent.category.LAUNCHER
ADDED from src/main/AndroidManifest.xml:11:13-14:29
action#android.intent.action.MAIN
ADDED from src/main/AndroidManifest.xml:12:17-69
	android:name
		ADDED from src/main/AndroidManifest.xml:12:25-66
category#android.intent.category.LAUNCHER
ADDED from src/main/AndroidManifest.xml:13:17-77
	android:name
		ADDED from src/main/AndroidManifest.xml:13:27-74